<?xml version="1.0" encoding="utf-8"?><testsuites name="pytest tests"><testsuite name="pytest" errors="0" failures="0" skipped="0" tests="33" time="36.355" timestamp="2026-03-04T09:30:39.198306+00:00" hostname="agent-env-f8493c73-b35b-4048-8ed5-c4a1fda51373"><testcase classname="test_01_health_and_auth.TestHealthAndAuth" name="test_health_check" time="0.181" /><testcase classname="test_01_health_and_auth.TestHealthAndAuth" name="test_register_new_user" time="0.331" /><testcase classname="test_01_health_and_auth.TestHealthAndAuth" name="test_register_duplicate_email" time="0.097" /><testcase classname="test_01_health_and_auth.TestHealthAndAuth" name="test_login_valid_credentials" time="0.325" /><testcase classname="test_01_health_and_auth.TestHealthAndAuth" name="test_login_invalid_credentials" time="0.096" /><testcase classname="test_01_health_and_auth.TestHealthAndAuth" name="test_get_me_with_valid_token" time="0.479" /><testcase classname="test_01_health_and_auth.TestHealthAndAuth" name="test_get_me_without_token" time="0.096" /><testcase classname="test_02_onboarding.TestOnboarding" name="test_complete_onboarding" time="0.108" /><testcase classname="test_02_onboarding.TestOnboarding" name="test_profile_created_after_onboarding" time="0.101" /><testcase classname="test_03_daily_entries.TestDailyEntries" name="test_get_daily_entry_creates_if_not_exists" time="0.096" /><testcase classname="test_03_daily_entries.TestDailyEntries" name="test_update_daily_entry_determination" time="0.150" /><testcase classname="test_03_daily_entries.TestDailyEntries" name="test_update_daily_entry_intention_and_focus" time="0.122" /><testcase classname="test_03_daily_entries.TestDailyEntries" name="test_update_five_core_actions" time="0.097" /><testcase classname="test_03_daily_entries.TestDailyEntries" name="test_status_computation_priority_win" time="0.102" /><testcase classname="test_03_daily_entries.TestDailyEntries" name="test_status_computation_unicorn_win" time="0.098" /><testcase classname="test_03_daily_entries.TestDailyEntries" name="test_compound_habit_tracking" time="0.097" /><testcase classname="test_03_daily_entries.TestDailyEntries" name="test_list_daily_entries" time="0.100" /><testcase classname="test_04_wormhole_contacts.TestWormholeContacts" name="test_create_contact" time="0.150" /><testcase classname="test_04_wormhole_contacts.TestWormholeContacts" name="test_list_contacts" time="0.108" /><testcase classname="test_04_wormhole_contacts.TestWormholeContacts" name="test_update_contact" time="0.153" /><testcase classname="test_04_wormhole_contacts.TestWormholeContacts" name="test_log_interaction" time="0.160" /><testcase classname="test_04_wormhole_contacts.TestWormholeContacts" name="test_delete_contact" time="0.201" /><testcase classname="test_04_wormhole_contacts.TestWormholeContacts" name="test_create_contact_with_expanded_fields" time="0.152" /><testcase classname="test_04_wormhole_contacts.TestWormholeContacts" name="test_update_contact_expanded_fields" time="0.239" /><testcase classname="test_05_ai_sessions.TestAISessions" name="test_start_ai_session" time="7.500" /><testcase classname="test_05_ai_sessions.TestAISessions" name="test_continue_ai_session" time="14.813" /><testcase classname="test_05_ai_sessions.TestAISessions" name="test_complete_ai_session" time="9.431" /><testcase classname="test_05_ai_sessions.TestAISessions" name="test_get_ai_sessions_by_date" time="0.174" /><testcase classname="test_06_dashboard.TestDashboard" name="test_get_dashboard_stats" time="0.102" /><testcase classname="test_06_dashboard.TestDashboard" name="test_get_compound_streak" time="0.115" /><testcase classname="test_07_profile_management.TestProfileManagement" name="test_update_profile_name" time="0.107" /><testcase classname="test_07_profile_management.TestProfileManagement" name="test_update_goal" time="0.104" /><testcase classname="test_07_profile_management.TestProfileManagement" name="test_update_habit" time="0.105" /></testsuite></testsuites>