<?xml version="1.0" encoding="utf-8"?><testsuites name="pytest tests"><testsuite name="pytest" errors="0" failures="5" skipped="0" tests="124" time="191.734" timestamp="2026-03-04T20:11:47.195207+00:00" hostname="agent-env-7e1d0bdc-0262-4f6f-9370-e90437b4d045"><testcase classname="backend.tests.test_01_health_and_auth.TestHealthAndAuth" name="test_health_check" time="0.121" /><testcase classname="backend.tests.test_01_health_and_auth.TestHealthAndAuth" name="test_register_new_user" time="0.338" /><testcase classname="backend.tests.test_01_health_and_auth.TestHealthAndAuth" name="test_register_duplicate_email" time="0.125" /><testcase classname="backend.tests.test_01_health_and_auth.TestHealthAndAuth" name="test_login_valid_credentials" time="0.366" /><testcase classname="backend.tests.test_01_health_and_auth.TestHealthAndAuth" name="test_login_invalid_credentials" time="0.107" /><testcase classname="backend.tests.test_01_health_and_auth.TestHealthAndAuth" name="test_get_me_with_valid_token" time="0.548" /><testcase classname="backend.tests.test_01_health_and_auth.TestHealthAndAuth" name="test_get_me_without_token" time="0.172" /><testcase classname="backend.tests.test_02_onboarding.TestOnboarding" name="test_complete_onboarding" time="0.107" /><testcase classname="backend.tests.test_02_onboarding.TestOnboarding" name="test_profile_created_after_onboarding" time="0.122" /><testcase classname="backend.tests.test_03_daily_entries.TestDailyEntries" name="test_get_daily_entry_creates_if_not_exists" time="0.111" /><testcase classname="backend.tests.test_03_daily_entries.TestDailyEntries" name="test_update_daily_entry_determination" time="0.172" /><testcase classname="backend.tests.test_03_daily_entries.TestDailyEntries" name="test_update_daily_entry_intention_and_focus" time="0.127" /><testcase classname="backend.tests.test_03_daily_entries.TestDailyEntries" name="test_update_five_core_actions" time="0.126" /><testcase classname="backend.tests.test_03_daily_entries.TestDailyEntries" name="test_status_computation_priority_win" time="0.116" /><testcase classname="backend.tests.test_03_daily_entries.TestDailyEntries" name="test_status_computation_unicorn_win" time="0.149" /><testcase classname="backend.tests.test_03_daily_entries.TestDailyEntries" name="test_compound_habit_tracking" time="0.162" /><testcase classname="backend.tests.test_03_daily_entries.TestDailyEntries" name="test_list_daily_entries" time="0.115" /><testcase classname="backend.tests.test_04_wormhole_contacts.TestWormholeContacts" name="test_create_contact" time="0.187" /><testcase classname="backend.tests.test_04_wormhole_contacts.TestWormholeContacts" name="test_list_contacts" time="0.121" /><testcase classname="backend.tests.test_04_wormhole_contacts.TestWormholeContacts" name="test_update_contact" time="0.166" /><testcase classname="backend.tests.test_04_wormhole_contacts.TestWormholeContacts" name="test_log_interaction" time="0.205" /><testcase classname="backend.tests.test_04_wormhole_contacts.TestWormholeContacts" name="test_delete_contact" time="0.293" /><testcase classname="backend.tests.test_04_wormhole_contacts.TestWormholeContacts" name="test_create_contact_with_expanded_fields" time="0.180" /><testcase classname="backend.tests.test_04_wormhole_contacts.TestWormholeContacts" name="test_update_contact_expanded_fields" time="0.198"><failure message="assert 5 == 8">E   assert 5 == 8</failure></testcase><testcase classname="backend.tests.test_05_ai_sessions.TestAISessions" name="test_start_ai_session" time="7.030" /><testcase classname="backend.tests.test_05_ai_sessions.TestAISessions" name="test_continue_ai_session" time="16.929" /><testcase classname="backend.tests.test_05_ai_sessions.TestAISessions" name="test_complete_ai_session" time="7.899" /><testcase classname="backend.tests.test_05_ai_sessions.TestAISessions" name="test_get_ai_sessions_by_date" time="0.144" /><testcase classname="backend.tests.test_06_dashboard.TestDashboard" name="test_get_dashboard_stats" time="0.148" /><testcase classname="backend.tests.test_06_dashboard.TestDashboard" name="test_get_compound_streak" time="0.138" /><testcase classname="backend.tests.test_07_profile_management.TestProfileManagement" name="test_update_profile_name" time="0.116" /><testcase classname="backend.tests.test_07_profile_management.TestProfileManagement" name="test_update_goal" time="0.170" /><testcase classname="backend.tests.test_07_profile_management.TestProfileManagement" name="test_update_habit" time="0.115" /><testcase classname="backend.tests.test_08_signals_and_points.TestSignalCRUD" name="test_create_signal" time="0.125" /><testcase classname="backend.tests.test_08_signals_and_points.TestSignalCRUD" name="test_list_signals" time="0.164" /><testcase classname="backend.tests.test_08_signals_and_points.TestSignalCRUD" name="test_get_signal_by_id" time="0.170" /><testcase classname="backend.tests.test_08_signals_and_points.TestSignalCRUD" name="test_update_signal" time="0.236" /><testcase classname="backend.tests.test_08_signals_and_points.TestSignalCRUD" name="test_delete_signal" time="0.227" /><testcase classname="backend.tests.test_08_signals_and_points.TestSignalCRUD" name="test_delete_nonexistent_signal" time="0.145" /><testcase classname="backend.tests.test_08_signals_and_points.TestSignalCompletion" name="test_complete_signal_basic" time="0.191" /><testcase classname="backend.tests.test_08_signals_and_points.TestSignalCompletion" name="test_complete_signal_with_planned_bonus" time="0.178"><failure message="assert 0 &gt;= 5">E   assert 0 &gt;= 5</failure></testcase><testcase classname="backend.tests.test_08_signals_and_points.TestSignalCompletion" name="test_complete_nonexistent_signal" time="0.122" /><testcase classname="backend.tests.test_08_signals_and_points.TestSignalCompletion" name="test_list_signal_completions" time="0.176" /><testcase classname="backend.tests.test_08_signals_and_points.TestPointsSystem" name="test_get_points_summary" time="0.111" /><testcase classname="backend.tests.test_08_signals_and_points.TestPointsSystem" name="test_get_leaderboard" time="0.107" /><testcase classname="backend.tests.test_08_signals_and_points.TestCommunityFeed" name="test_get_community_feed" time="0.157" /><testcase classname="backend.tests.test_08_signals_and_points.TestDailyBonuses" name="test_award_daily_bonuses_no_entry" time="0.108" /><testcase classname="backend.tests.test_08_signals_and_points.TestDailyBonuses" name="test_award_daily_bonuses_with_entry" time="0.191" /><testcase classname="backend.tests.test_08_signals_and_points.TestDailyBonuses" name="test_award_bonuses_for_top_action" time="0.183" /><testcase classname="backend.tests.test_09_wormhole_interactions.TestWormholeContactExpandedSchema" name="test_create_contact_with_all_fields" time="0.121" /><testcase classname="backend.tests.test_09_wormhole_interactions.TestWormholeContactExpandedSchema" name="test_create_contact_minimal_fields" time="0.118"><failure message="AssertionError: assert 'warm_local' == 'warm'&#10;  &#10;  - warm&#10;  + warm_local">E   AssertionError: assert 'warm_local' == 'warm'
      
      - warm
      + warm_local</failure></testcase><testcase classname="backend.tests.test_09_wormhole_interactions.TestWormholeContactExpandedSchema" name="test_update_contact_social_fields" time="0.186" /><testcase classname="backend.tests.test_09_wormhole_interactions.TestInteractionLogging" name="test_log_interaction_basic" time="0.213" /><testcase classname="backend.tests.test_09_wormhole_interactions.TestInteractionLogging" name="test_log_interaction_all_action_types" time="0.658" /><testcase classname="backend.tests.test_09_wormhole_interactions.TestInteractionLogging" name="test_log_interaction_impact_rating_range" time="0.352" /><testcase classname="backend.tests.test_09_wormhole_interactions.TestInteractionLogging" name="test_log_interaction_updates_engagement_score" time="0.207" /><testcase classname="backend.tests.test_09_wormhole_interactions.TestInteractionLogging" name="test_log_interaction_updates_last_contact_date" time="0.176" /><testcase classname="backend.tests.test_09_wormhole_interactions.TestInteractionLogging" name="test_log_interaction_invalid_contact" time="0.156" /><testcase classname="backend.tests.test_09_wormhole_interactions.TestInteractionLogging" name="test_log_interaction_without_impact_rating" time="0.220" /><testcase classname="backend.tests.test_10_new_features.TestTop10xActionSignal" name="test_create_top_10x_action_signal" time="0.122"><failure message="assert 400 == 200&#10; +  where 400 = &lt;Response [400]&gt;.status_code">E   assert 400 == 200
     +  where 400 = &lt;Response [400]&gt;.status_code</failure></testcase><testcase classname="backend.tests.test_10_new_features.TestTop10xActionSignal" name="test_duplicate_top_10x_action_fails" time="0.114"><failure message="assert 400 == 200&#10; +  where 400 = &lt;Response [400]&gt;.status_code">E   assert 400 == 200
     +  where 400 = &lt;Response [400]&gt;.status_code</failure></testcase><testcase classname="backend.tests.test_10_new_features.TestContactLabels" name="test_get_contact_labels_no_auth" time="0.125" /><testcase classname="backend.tests.test_10_new_features.TestContactLabels" name="test_filter_contacts_by_label" time="0.263" /><testcase classname="backend.tests.test_10_new_features.TestDealNotifications" name="test_create_deal_with_close_date" time="0.178" /><testcase classname="backend.tests.test_10_new_features.TestDealNotifications" name="test_get_deal_notifications" time="0.237" /><testcase classname="backend.tests.test_10_new_features.TestDealNotifications" name="test_deal_with_notifications_disabled" time="0.248" /><testcase classname="backend.tests.test_10_new_features.TestGoalProgress" name="test_update_goal_progress" time="0.108" /><testcase classname="backend.tests.test_10_new_features.TestGoalProgress" name="test_get_goal_status" time="0.120" /><testcase classname="backend.tests.test_10_new_features.TestHelpRequestSystem" name="test_create_help_request" time="0.125" /><testcase classname="backend.tests.test_10_new_features.TestHelpRequestSystem" name="test_get_help_requests" time="0.119" /><testcase classname="backend.tests.test_10_new_features.TestCommunityFeedFields" name="test_community_feed_has_type_and_ring_color" time="0.337" /><testcase classname="backend.tests.test_10_new_features.TestCommunityFeedFields" name="test_help_request_shows_in_feed" time="0.203" /><testcase classname="backend.tests.test_11_new_features_messaging.TestWormholeContactOptions" name="test_get_contact_options" time="0.125" /><testcase classname="backend.tests.test_11_new_features_messaging.TestWormholeLogs" name="test_add_wormhole_log" time="0.200" /><testcase classname="backend.tests.test_11_new_features_messaging.TestWormholeLogs" name="test_add_log_with_custom_date" time="0.242" /><testcase classname="backend.tests.test_11_new_features_messaging.TestWormholeLogs" name="test_get_wormhole_logs" time="0.513" /><testcase classname="backend.tests.test_11_new_features_messaging.TestWormholeLogs" name="test_add_log_updates_last_contact_date" time="0.299" /><testcase classname="backend.tests.test_11_new_features_messaging.TestWormholeLogs" name="test_add_log_increments_engagement_score" time="0.325" /><testcase classname="backend.tests.test_11_new_features_messaging.TestWormholeLogs" name="test_add_log_nonexistent_contact_fails" time="0.113" /><testcase classname="backend.tests.test_11_new_features_messaging.TestDirectMessaging" name="test_send_direct_message" time="0.417" /><testcase classname="backend.tests.test_11_new_features_messaging.TestDirectMessaging" name="test_send_direct_message_no_recipient_fails" time="0.133" /><testcase classname="backend.tests.test_11_new_features_messaging.TestDirectMessaging" name="test_send_direct_message_invalid_recipient_fails" time="0.107" /><testcase classname="backend.tests.test_11_new_features_messaging.TestDirectMessaging" name="test_get_conversations" time="0.529" /><testcase classname="backend.tests.test_11_new_features_messaging.TestGroupMessaging" name="test_create_group_chat" time="0.390" /><testcase classname="backend.tests.test_11_new_features_messaging.TestGroupMessaging" name="test_get_user_groups" time="0.506" /><testcase classname="backend.tests.test_11_new_features_messaging.TestGroupMessaging" name="test_send_group_message" time="68.566" /><testcase classname="backend.tests.test_11_new_features_messaging.TestGroupMessaging" name="test_send_message_to_nonmember_group_fails" time="0.166" /><testcase classname="backend.tests.test_11_new_features_messaging.TestNotificationSettings" name="test_get_notification_settings" time="0.216" /><testcase classname="backend.tests.test_11_new_features_messaging.TestNotificationSettings" name="test_update_notification_settings" time="0.161" /><testcase classname="backend.tests.test_11_new_features_messaging.TestNotificationSettings" name="test_partial_update_notification_settings" time="0.113" /><testcase classname="backend.tests.test_11_new_features_messaging.TestProfilePhoto" name="test_save_profile_photo_base64" time="0.392" /><testcase classname="backend.tests.test_11_new_features_messaging.TestProfilePhoto" name="test_save_profile_photo_url" time="0.115" /><testcase classname="backend.tests.test_11_new_features_messaging.TestProfilePhoto" name="test_save_profile_photo_no_data_fails" time="0.106" /><testcase classname="backend.tests.test_11_new_features_messaging.TestProfilePhoto" name="test_delete_profile_photo" time="0.116" /><testcase classname="backend.tests.test_11_new_features_messaging.TestProfilePhoto" name="test_get_profile_photo_info" time="0.106" /><testcase classname="backend.tests.test_12_iteration_6_features.TestSignalUncomplete" name="test_uncomplete_signal_not_completed_returns_400" time="0.216" /><testcase classname="backend.tests.test_12_iteration_6_features.TestSignalUncomplete" name="test_uncomplete_signal_not_found_returns_404" time="0.111" /><testcase classname="backend.tests.test_12_iteration_6_features.TestSignalUncomplete" name="test_complete_and_uncomplete_signal" time="0.424" /><testcase classname="backend.tests.test_12_iteration_6_features.TestProfileUpdateNewFields" name="test_update_profile_with_first_name" time="0.170" /><testcase classname="backend.tests.test_12_iteration_6_features.TestProfileUpdateNewFields" name="test_update_profile_with_profile_emoji" time="0.166" /><testcase classname="backend.tests.test_12_iteration_6_features.TestProfileUpdateNewFields" name="test_update_profile_with_both_new_fields" time="0.171" /><testcase classname="backend.tests.test_12_iteration_6_features.TestProfileUpdateNewFields" name="test_update_profile_emoji_variety" time="0.553" /><testcase classname="backend.tests.test_12_iteration_6_features.TestSignalsEndpointForCRM" name="test_list_signals_endpoint" time="0.133" /><testcase classname="backend.tests.test_12_iteration_6_features.TestSignalsEndpointForCRM" name="test_create_and_list_signal" time="68.552" /><testcase classname="backend.tests.test_12_iteration_6_features.TestSignalsEndpointForCRM" name="test_signals_with_top_10x_action_flag" time="0.292" /><testcase classname="backend.tests.test_12_iteration_6_features.TestDashboardStats" name="test_get_dashboard_stats" time="0.112" /><testcase classname="backend.tests.test_12_iteration_6_features.TestTabLayoutAPIs" name="test_daily_entry_endpoint" time="0.109" /><testcase classname="backend.tests.test_12_iteration_6_features.TestTabLayoutAPIs" name="test_community_members_endpoint" time="0.134" /><testcase classname="backend.tests.test_12_iteration_6_features.TestTabLayoutAPIs" name="test_crm_deals_endpoint" time="0.129" /><testcase classname="backend.tests.test_12_iteration_6_features.TestTabLayoutAPIs" name="test_crm_contacts_endpoint" time="0.149" /><testcase classname="backend.tests.test_12_iteration_6_features.TestTabLayoutAPIs" name="test_profile_endpoint" time="0.135" /><testcase classname="backend.tests.test_13_iteration_7_features.TestProfileUpsert" name="test_profile_update_with_upsert" time="0.148" /><testcase classname="backend.tests.test_13_iteration_7_features.TestProfileUpsert" name="test_profile_get_after_upsert" time="0.124" /><testcase classname="backend.tests.test_13_iteration_7_features.TestCompoundCountDailyEntry" name="test_update_daily_entry_with_compound_count" time="0.181" /><testcase classname="backend.tests.test_13_iteration_7_features.TestCompoundCountDailyEntry" name="test_compound_count_persistence" time="0.160" /><testcase classname="backend.tests.test_13_iteration_7_features.TestStreakMilestones" name="test_compound_streak_endpoint" time="0.223" /><testcase classname="backend.tests.test_13_iteration_7_features.TestCRMSignalsTab" name="test_signals_list_for_crm" time="0.119" /><testcase classname="backend.tests.test_13_iteration_7_features.TestCRMSignalsTab" name="test_create_signal_for_crm" time="0.291" /><testcase classname="backend.tests.test_13_iteration_7_features.TestTabLayoutAPIs" name="test_dashboard_stats_endpoint" time="0.129" /><testcase classname="backend.tests.test_13_iteration_7_features.TestTabLayoutAPIs" name="test_profile_endpoint_returns_data" time="0.112" /><testcase classname="backend.tests.test_13_iteration_7_features.TestTabLayoutAPIs" name="test_community_members_endpoint" time="0.120" /><testcase classname="backend.tests.test_13_iteration_7_features.TestFrontendLayoutVerification" name="test_layout_file_has_bar_chart_icon" time="0.000" /><testcase classname="backend.tests.test_13_iteration_7_features.TestFrontendLayoutVerification" name="test_layout_file_has_profile_tab" time="0.000" /><testcase classname="backend.tests.test_13_iteration_7_features.TestFrontendLayoutVerification" name="test_crm_file_has_signals_tab" time="0.001" /></testsuite></testsuites>