<?xml version="1.0" encoding="utf-8"?><testsuites name="pytest tests"><testsuite name="pytest" errors="0" failures="0" skipped="0" tests="16" time="2.502" timestamp="2026-03-11T16:39:55.875062+00:00" hostname="agent-env-10c57709-7c7f-4b14-93ed-a1c2888c0452"><testcase classname="backend.tests.test_16_bug_fixes.TestBug1WormholeContactSelection" name="test_create_wormhole_contact" time="0.440" /><testcase classname="backend.tests.test_16_bug_fixes.TestBug1WormholeContactSelection" name="test_set_wormhole_contact_in_daily_entry" time="0.114" /><testcase classname="backend.tests.test_16_bug_fixes.TestBug1WormholeContactSelection" name="test_get_daily_entry_returns_wormhole_contact" time="0.162" /><testcase classname="backend.tests.test_16_bug_fixes.TestBug2SignalDateNormalization" name="test_signal_with_mmddyy_date_normalized" time="0.109" /><testcase classname="backend.tests.test_16_bug_fixes.TestBug2SignalDateNormalization" name="test_signal_with_iso_date_preserved" time="0.111" /><testcase classname="backend.tests.test_16_bug_fixes.TestBug2SignalDateNormalization" name="test_get_signals_returns_properly_formatted_dates" time="0.170" /><testcase classname="backend.tests.test_16_bug_fixes.TestBug2SignalDateNormalization" name="test_complete_signal_with_normalized_dates" time="0.161" /><testcase classname="backend.tests.test_16_bug_fixes.TestBug2SignalDateNormalization" name="test_normalize_date_various_formats" time="0.426" /><testcase classname="backend.tests.test_16_bug_fixes.TestBug3ProfilePhotoURL" name="test_get_member_profile_returns_photo_url" time="0.055" /><testcase classname="backend.tests.test_16_bug_fixes.TestBug3ProfilePhotoURL" name="test_profile_photo_url_construction" time="0.105" /><testcase classname="backend.tests.test_16_bug_fixes.TestBug3ProfilePhotoURL" name="test_photos_endpoint_returns_404_when_no_photo" time="0.050" /><testcase classname="backend.tests.test_16_bug_fixes.TestBug3ProfilePhotoURL" name="test_member_profile_structure" time="0.054" /><testcase classname="backend.tests.test_16_bug_fixes.TestBug4DashboardHeatmap" name="test_get_daily_entries_with_limit_365" time="0.050" /><testcase classname="backend.tests.test_16_bug_fixes.TestBug4DashboardHeatmap" name="test_dashboard_stats_structure" time="0.065" /><testcase classname="backend.tests.test_16_bug_fixes.TestBug4DashboardHeatmap" name="test_dashboard_stats_data_types" time="0.063" /><testcase classname="backend.tests.test_16_bug_fixes.TestBug4DashboardHeatmap" name="test_daily_entries_sorted_by_date" time="0.325" /></testsuite></testsuites>