<?xml version="1.0" encoding="utf-8"?><testsuites name="pytest tests"><testsuite name="pytest" errors="0" failures="0" skipped="0" tests="16" time="6.438" timestamp="2026-03-04T22:21:39.570521+00:00" hostname="agent-env-feb7a721-263a-4494-87f9-5be43f828f71"><testcase classname="backend.tests.test_15_iteration_9_features.TestPasswordReset" name="test_request_password_reset_returns_token" time="0.480" /><testcase classname="backend.tests.test_15_iteration_9_features.TestPasswordReset" name="test_reset_password_with_valid_token" time="1.080" /><testcase classname="backend.tests.test_15_iteration_9_features.TestPasswordReset" name="test_reset_password_with_invalid_token" time="0.150" /><testcase classname="backend.tests.test_15_iteration_9_features.TestPasswordReset" name="test_request_reset_nonexistent_email_returns_generic_message" time="0.131" /><testcase classname="backend.tests.test_15_iteration_9_features.TestGoogleAuth" name="test_google_auth_with_invalid_session_returns_error" time="0.248" /><testcase classname="backend.tests.test_15_iteration_9_features.TestGoogleAuth" name="test_google_auth_endpoint_exists" time="0.213" /><testcase classname="backend.tests.test_15_iteration_9_features.TestSignalsCRUD" name="test_create_signal_includes_signal_type" time="0.457" /><testcase classname="backend.tests.test_15_iteration_9_features.TestSignalsCRUD" name="test_update_signal" time="0.548" /><testcase classname="backend.tests.test_15_iteration_9_features.TestSignalsCRUD" name="test_uncomplete_signal" time="0.647" /><testcase classname="backend.tests.test_15_iteration_9_features.TestGoalUpdate" name="test_update_goal" time="0.387" /><testcase classname="backend.tests.test_15_iteration_9_features.TestGoalUpdate" name="test_get_goal_status" time="0.413" /><testcase classname="backend.tests.test_15_iteration_9_features.TestDailyEntry" name="test_get_daily_entry" time="0.401" /><testcase classname="backend.tests.test_15_iteration_9_features.TestDailyEntry" name="test_update_daily_entry" time="0.436" /><testcase classname="backend.tests.test_15_iteration_9_features.TestHealthAndBasicAuth" name="test_health_endpoint" time="0.123" /><testcase classname="backend.tests.test_15_iteration_9_features.TestHealthAndBasicAuth" name="test_login_with_valid_credentials" time="0.355" /><testcase classname="backend.tests.test_15_iteration_9_features.TestHealthAndBasicAuth" name="test_login_with_invalid_credentials" time="0.332" /></testsuite></testsuites>