<?xml version="1.0" encoding="utf-8"?><testsuites name="pytest tests"><testsuite name="pytest" errors="0" failures="0" skipped="0" tests="8" time="3.815" timestamp="2026-03-11T17:49:08.057391+00:00" hostname="agent-env-10c57709-7c7f-4b14-93ed-a1c2888c0452"><testcase classname="backend.tests.test_18_signal_completion_bug_fixes.TestSignalCompletionBugFix" name="test_signal_completion_with_empty_notes" time="0.930" /><testcase classname="backend.tests.test_18_signal_completion_bug_fixes.TestSignalCompletionBugFix" name="test_signal_completion_with_notes" time="0.636" /><testcase classname="backend.tests.test_18_signal_completion_bug_fixes.TestSignalCompletionBugFix" name="test_signal_completion_top_10x_action" time="0.456" /><testcase classname="backend.tests.test_18_signal_completion_bug_fixes.TestSignalCompletionBugFix" name="test_invalid_signal_id_returns_404" time="0.196" /><testcase classname="backend.tests.test_18_signal_completion_bug_fixes.TestSignalCompletionBugFix" name="test_uncomplete_signal_flow" time="0.529" /><testcase classname="backend.tests.test_18_signal_completion_bug_fixes.TestSignalCRUD" name="test_create_signal_with_due_date" time="0.570" /><testcase classname="backend.tests.test_18_signal_completion_bug_fixes.TestSignalCRUD" name="test_update_signal_due_date" time="0.344" /><testcase classname="backend.tests.test_18_signal_completion_bug_fixes.TestSignalCRUD" name="test_get_signals_filters_by_date" time="0.121" /></testsuite></testsuites>