<?xml version="1.0" encoding="utf-8"?><testsuites name="pytest tests"><testsuite name="pytest" errors="0" failures="0" skipped="0" tests="13" time="10.257" timestamp="2026-03-11T17:05:15.688221+00:00" hostname="agent-env-10c57709-7c7f-4b14-93ed-a1c2888c0452"><testcase classname="backend.tests.test_17_signal_calendar_features.TestSignalDueDateEditing" name="test_create_signal_with_due_date_iso_format" time="0.750" /><testcase classname="backend.tests.test_17_signal_calendar_features.TestSignalDueDateEditing" name="test_create_signal_with_due_date_mmddyy_format" time="0.693" /><testcase classname="backend.tests.test_17_signal_calendar_features.TestSignalDueDateEditing" name="test_update_signal_due_date" time="0.914" /><testcase classname="backend.tests.test_17_signal_calendar_features.TestSignalDueDateEditing" name="test_update_signal_due_date_mmddyy_format" time="0.714" /><testcase classname="backend.tests.test_17_signal_calendar_features.TestDateNormalization" name="test_normalize_various_date_formats" time="1.446" /><testcase classname="backend.tests.test_17_signal_calendar_features.TestDateNormalization" name="test_normalize_iso_datetime_strips_time" time="0.598" /><testcase classname="backend.tests.test_17_signal_calendar_features.TestSmartDefaultDateLogic" name="test_create_signal_without_due_date" time="0.738" /><testcase classname="backend.tests.test_17_signal_calendar_features.TestSmartDefaultDateLogic" name="test_create_signal_with_today_date" time="0.568" /><testcase classname="backend.tests.test_17_signal_calendar_features.TestSmartDefaultDateLogic" name="test_create_signal_with_tomorrow_date" time="0.633" /><testcase classname="backend.tests.test_17_signal_calendar_features.TestSignalUpdateFlow" name="test_full_signal_crud_with_due_date" time="1.109" /><testcase classname="backend.tests.test_17_signal_calendar_features.TestSignalUpdateFlow" name="test_update_signal_multiple_fields_including_due_date" time="0.943" /><testcase classname="backend.tests.test_17_signal_calendar_features.TestDashboardHeatmapAutoScroll" name="test_dashboard_stats_endpoint" time="0.565" /><testcase classname="backend.tests.test_17_signal_calendar_features.TestDashboardHeatmapAutoScroll" name="test_daily_entries_for_heatmap" time="0.530" /></testsuite></testsuites>